-------------------------------------------------------------------------------
Test set: com.telusko.learning.TestTrial
-------------------------------------------------------------------------------
Tests run: 4, Failures: 1, Errors: 0, Skipped: 0, Time elapsed: 0.036 s <<< FAILURE! - in com.telusko.learning.TestTrial
testComputeCircleArea_Supplier  Time elapsed: 0.012 s  <<< FAILURE!
org.opentest4j.AssertionFailedError: Area of Circle calculation is wrong ==> expected: <76.5> but was: <78.5>
	at com.telusko.learning.TestTrial.testComputeCircleArea_Supplier(TestTrial.java:31)

